Application     \\cip-bungoma-pc\Data\VISTA\Database Management System\Entry Dictionaries and Forms\VST2 - Farmer Group Assessment and Registration.ent
Type            ENTRY
Input Data      \\cip-bungoma-pc\Data\VISTA\Database Management System\Entry Data\VST2 - Farmer Group Assessment and Registration.DAT

Date            Oct 06, 2015
Start Time      16:04:42
End Time        16:04:45

CSPRO Process Summary

CSPRO Executor Normal End
--------------------------------------------------------------------------------
Application     \\cip-bungoma-pc\Data\VISTA\Database Management System\Entry Dictionaries and Forms\VST2 - Farmer Group Assessment and Registration.ent
Type            ENTRY
Input Data      \\cip-bungoma-pc\Data\VISTA\Database Management System\Entry Data\VST2 - Farmer Group Assessment and Registration.DAT

Date            Oct 06, 2015
Start Time      16:09:46
End Time        16:54:24

CSPRO Process Summary

System messages:

 Number    Frequency   Message text
 ------    ---------   ------------
  99990            6   Operator entered a value out of range            

User unnumbered messages:

   Line    Freq  Pct.  Message text                                        Denom
   ----    ----  ----  ------------                                        -----
    228       1    -   There must be at least 1 Crop produced                  -
    357       1    -   SURNAME of Group Member should be filled                -

CSPRO Executor Normal End
--------------------------------------------------------------------------------
Application     \\cip-bungoma-pc\Data\VISTA\Database Management System\Entry Dictionaries and Forms\VST2 - Farmer Group Assessment and Registration.ent
Type            ENTRY
Input Data      \\cip-bungoma-pc\Data\VISTA\Database Management System\Entry Data\VST2 - Farmer Group Assessment and Registration.DAT

Date            Oct 07, 2015
Start Time      08:02:43
End Time        08:25:09

CSPRO Process Summary

System messages:

 Number    Frequency   Message text
 ------    ---------   ------------
   2013            1   Record occurrences %s for record %n              
  99990            2   Operator entered a value out of range            

User unnumbered messages:

   Line    Freq  Pct.  Message text                                        Denom
   ----    ----  ----  ------------                                        -----
    203       1    -   There must be at least 1 Development Partner / Or       -
    228       1    -   There must be at least 1 Crop produced                  -

CSPRO Executor Normal End
--------------------------------------------------------------------------------
Application     \\cip-bungoma-pc\Data\VISTA\Database Management System\Entry Dictionaries and Forms\VST2 - Farmer Group Assessment and Registration.ent
Type            ENTRY
Input Data      \\cip-bungoma-pc\Data\VISTA\Database Management System\Entry Data\VST2 - Farmer Group Assessment and Registration.DAT

Date            Oct 07, 2015
Start Time      08:25:09
End Time        08:25:38

CSPRO Process Summary

System messages:

 Number    Frequency   Message text
 ------    ---------   ------------
   2013            1   Record occurrences %s for record %n              
  99990            2   Operator entered a value out of range            

User unnumbered messages:

   Line    Freq  Pct.  Message text                                        Denom
   ----    ----  ----  ------------                                        -----
    203       1    -   There must be at least 1 Development Partner / Or       -
    228       1    -   There must be at least 1 Crop produced                  -

CSPRO Executor Normal End
--------------------------------------------------------------------------------
Application     \\cip-bungoma-pc\Data\VISTA\Database Management System\Entry Dictionaries and Forms\VST2 - Farmer Group Assessment and Registration.ent
Type            ENTRY
Input Data      \\cip-bungoma-pc\Data\VISTA\Database Management System\Entry Data\VST2 - Farmer Group Assessment and Registration.DAT

Date            Oct 07, 2015
Start Time      08:25:39
End Time        08:26:55

CSPRO Process Summary

System messages:

 Number    Frequency   Message text
 ------    ---------   ------------
   2013            1   Record occurrences %s for record %n              
  99990            2   Operator entered a value out of range            

User unnumbered messages:

   Line    Freq  Pct.  Message text                                        Denom
   ----    ----  ----  ------------                                        -----
    203       1    -   There must be at least 1 Development Partner / Or       -
    228       1    -   There must be at least 1 Crop produced                  -

CSPRO Executor Normal End
--------------------------------------------------------------------------------
Application     \\cip-bungoma-pc\Data\VISTA\Database Management System\Entry Dictionaries and Forms\VST2 - Farmer Group Assessment and Registration.ent
Type            ENTRY
Input Data      \\cip-bungoma-pc\Data\VISTA\Database Management System\Entry Data\VST2 - Farmer Group Assessment and Registration.DAT

Date            Oct 07, 2015
Start Time      08:26:59
End Time        09:20:58

CSPRO Process Summary

System messages:

 Number    Frequency   Message text
 ------    ---------   ------------
   2013            5   Record occurrences %s for record %n              
  99990            3   Operator entered a value out of range            

User unnumbered messages:

   Line    Freq  Pct.  Message text                                        Denom
   ----    ----  ----  ------------                                        -----
    119       1    -   Name of Secretary should be filled                      -
    203       1    -   There must be at least 1 Development Partner / Or       -
    228       1    -   There must be at least 1 Crop produced                  -

CSPRO Executor Normal End
--------------------------------------------------------------------------------
Application     \\cip-bungoma-pc\Data\VISTA\Database Management System\Entry Dictionaries and Forms\VST2 - Farmer Group Assessment and Registration.ent
Type            ENTRY
Input Data      \\cip-bungoma-pc\Data\VISTA\Database Management System\Entry Data\VST2 - Farmer Group Assessment and Registration.DAT

Date            Oct 07, 2015
Start Time      09:21:40
End Time        09:21:56

CSPRO Process Summary

CSPRO Executor Normal End
--------------------------------------------------------------------------------
Application     \\cip-bungoma-pc\Data\VISTA\Database Management System\Entry Dictionaries and Forms\VST2 - Farmer Group Assessment and Registration.ent
Type            ENTRY
Input Data      \\cip-bungoma-pc\Data\VISTA\Database Management System\Entry Data\VST2 - Farmer Group Assessment and Registration.DAT

Date            Oct 08, 2015
Start Time      16:44:11
End Time        16:45:19

CSPRO Process Summary

CSPRO Executor Normal End
--------------------------------------------------------------------------------
Application     \\cip-bungoma-pc\Data\VISTA\Database Management System\Entry Dictionaries and Forms\VST2 - Farmer Group Assessment and Registration.ent
Type            ENTRY
Input Data      \\cip-bungoma-pc\Data\VISTA\Database Management System\Entry Data\VST2 - Farmer Group Assessment and Registration.DAT

Date            Oct 08, 2015
Start Time      16:45:27
End Time        16:46:11

CSPRO Process Summary

System messages:

 Number    Frequency   Message text
 ------    ---------   ------------
   2013            1   Record occurrences %s for record %n              

CSPRO Executor Normal End
--------------------------------------------------------------------------------
Application     \\cip-bungoma-pc\Data\VISTA\Database Management System\Entry Dictionaries and Forms\VST2 - Farmer Group Assessment and Registration.ent
Type            ENTRY
Input Data      \\cip-bungoma-pc\Data\VISTA\Database Management System\Entry Data\VST2 - Farmer Group Assessment and Registration.DAT

Date            Oct 08, 2015
Start Time      16:46:16
End Time        16:47:14

CSPRO Process Summary

System messages:

 Number    Frequency   Message text
 ------    ---------   ------------
   2013            2   Record occurrences %s for record %n              

CSPRO Executor Normal End
--------------------------------------------------------------------------------
Application     \\cip-bungoma-pc\Data\VISTA\Database Management System\Entry Dictionaries and Forms\VST2 - Farmer Group Assessment and Registration.ent
Type            ENTRY
Input Data      \\cip-bungoma-pc\Data\VISTA\Database Management System\Entry Data\VST2 - Farmer Group Assessment and Registration.DAT

Date            Oct 08, 2015
Start Time      16:47:19
End Time        16:48:01

CSPRO Process Summary

System messages:

 Number    Frequency   Message text
 ------    ---------   ------------
   2013            3   Record occurrences %s for record %n              

CSPRO Executor Normal End
--------------------------------------------------------------------------------
Application     \\cip-bungoma-pc\Data\VISTA\Database Management System\Entry Dictionaries and Forms\VST2 - Farmer Group Assessment and Registration.ent
Type            ENTRY
Input Data      \\cip-bungoma-pc\Data\VISTA\Database Management System\Entry Data\VST2 - Farmer Group Assessment and Registration.DAT

Date            Oct 08, 2015
Start Time      16:48:05
End Time        16:48:45

CSPRO Process Summary

System messages:

 Number    Frequency   Message text
 ------    ---------   ------------
   2013            4   Record occurrences %s for record %n              

CSPRO Executor Normal End
--------------------------------------------------------------------------------
Application     \\cip-bungoma-pc\Data\VISTA\Database Management System\Entry Dictionaries and Forms\VST2 - Farmer Group Assessment and Registration.ent
Type            ENTRY
Input Data      \\cip-bungoma-pc\Data\VISTA\Database Management System\Entry Data\VST2 - Farmer Group Assessment and Registration.DAT

Date            Oct 08, 2015
Start Time      16:48:50
End Time        16:49:27

CSPRO Process Summary

System messages:

 Number    Frequency   Message text
 ------    ---------   ------------
   2013            5   Record occurrences %s for record %n              

CSPRO Executor Normal End
--------------------------------------------------------------------------------
Application     \\cip-bungoma-pc\Data\VISTA\Database Management System\Entry Dictionaries and Forms\VST2 - Farmer Group Assessment and Registration.ent
Type            ENTRY
Input Data      \\cip-bungoma-pc\Data\VISTA\Database Management System\Entry Data\VST2 - Farmer Group Assessment and Registration.DAT

Date            Oct 08, 2015
Start Time      16:49:32
End Time        16:50:07

CSPRO Process Summary

System messages:

 Number    Frequency   Message text
 ------    ---------   ------------
   2013            6   Record occurrences %s for record %n              

CSPRO Executor Normal End
--------------------------------------------------------------------------------
Application     D:\DATA_MAIN\04 ME\VISTA-Tanzania\Database Management System\Entry Dictionaries and Forms\VST2 - Farmer Group Assessment and Registration.ent
Type            ENTRY
Input Data      D:\DATA_MAIN\04 ME\VISTA-Tanzania\Database Management System\Entry Data\VST2 - Farmer Group Assessment and Registration.DAT

Date            Jan 11, 2016
Start Time      12:46:30
End Time        12:46:54

CSPRO Process Summary

CSPRO Executor Normal End
--------------------------------------------------------------------------------
Application     C:\Users\LWanjohi\Desktop\VST2 - Farmer Group Assessment and Registration\VST2 - Farmer Group Assessment and Registration.ent
Type            ENTRY
Input Data      C:\Users\LWanjohi\Desktop\VST2 - Farmer Group Assessment and Registration\Data\VST2 - Farmer Group Assessment and Registration.DAT

Date            Jan 11, 2016
Start Time      13:07:51
End Time        13:07:55

CSPRO Process Summary

CSPRO Executor Normal End
--------------------------------------------------------------------------------
Application     C:\Users\LWanjohi\Desktop\VST2 - Farmer Group Assessment and Registration\VST2 - Farmer Group Assessment and Registration.ent
Type            ENTRY
Input Data      C:\Users\LWanjohi\Desktop\VST2 - Farmer Group Assessment and Registration\Data\VST2 - Farmer Group Assessment and Registration.DAT

Date            Jan 11, 2016
Start Time      13:07:55
End Time        13:08:00

CSPRO Process Summary

CSPRO Executor Normal End
--------------------------------------------------------------------------------
Application     D:\DATA_MAIN\04 ME\VISTA-Tanzania\Database Management System\CSEntry\VST2 - Farmer Group Assessment and Registration\VST2 - Farmer Group Assessment and Registration.ent
Type            ENTRY
Input Data      D:\DATA_MAIN\04 ME\VISTA-Tanzania\Database Management System\CSEntry\VST2 - Farmer Group Assessment and Registration\Data\VST2 - Farmer Group Assessment and Registration.DAT
External (DISTRICTSPERREGION_DICT): D:\DATA_MAIN\04 ME\VISTA-Tanzania\Database Management System\CSEntry\VST2 - Farmer Group Assessment and Registration\Data\DistrictsPerRegion.DAT
External (WARDSPERDISTRICT_DICT): D:\DATA_MAIN\04 ME\VISTA-Tanzania\Database Management System\CSEntry\VST2 - Farmer Group Assessment and Registration\Data\WardsPerDistrict.DAT
External (VILLAGESPERWARD_DICT): D:\DATA_MAIN\04 ME\VISTA-Tanzania\Database Management System\CSEntry\VST2 - Farmer Group Assessment and Registration\Data\VillagesPerWard.DAT

Date            Jan 11, 2016
Start Time      16:06:29
End Time        16:09:55

CSPRO Process Summary

User unnumbered messages:

   Line    Freq  Pct.  Message text                                        Denom
   ----    ----  ----  ------------                                        -----
     30       3    -   Region Name should be filled                            -

CSPRO Executor Normal End
--------------------------------------------------------------------------------
Application     D:\DATA_MAIN\04 ME\VISTA-Tanzania\Database Management System\CSEntry\VST2 - Farmer Group Assessment and Registration\VST2 - Farmer Group Assessment and Registration.ent
Type            ENTRY
Input Data      D:\DATA_MAIN\04 ME\VISTA-Tanzania\Database Management System\CSEntry\VST2 - Farmer Group Assessment and Registration\Data\VST2 - Farmer Group Assessment and Registration.DAT
External (DISTRICTSPERREGION_DICT): D:\DATA_MAIN\04 ME\VISTA-Tanzania\Database Management System\CSEntry\VST2 - Farmer Group Assessment and Registration\Data\DistrictsPerRegion.DAT
External (WARDSPERDISTRICT_DICT): D:\DATA_MAIN\04 ME\VISTA-Tanzania\Database Management System\CSEntry\VST2 - Farmer Group Assessment and Registration\Data\WardsPerDistrict.DAT
External (VILLAGESPERWARD_DICT): D:\DATA_MAIN\04 ME\VISTA-Tanzania\Database Management System\CSEntry\VST2 - Farmer Group Assessment and Registration\Data\VillagesPerWard.DAT

Date            Jan 11, 2016
Start Time      16:20:07
End Time        16:21:43

CSPRO Process Summary

CSPRO Executor Normal End
--------------------------------------------------------------------------------
Application     D:\DATA_MAIN\04 ME\VISTA-Tanzania\Database Management System\CSEntry\VST2 - Farmer Group Assessment and Registration\VST2 - Farmer Group Assessment and Registration.ent
Type            ENTRY
Input Data      D:\DATA_MAIN\04 ME\VISTA-Tanzania\Database Management System\CSEntry\VST2 - Farmer Group Assessment and Registration\Data\VST2 - Farmer Group Assessment and Registration.DAT
External (DISTRICTSPERREGION_DICT): D:\DATA_MAIN\04 ME\VISTA-Tanzania\Database Management System\CSEntry\VST2 - Farmer Group Assessment and Registration\Data\DistrictsPerRegion.DAT
External (WARDSPERDISTRICT_DICT): D:\DATA_MAIN\04 ME\VISTA-Tanzania\Database Management System\CSEntry\VST2 - Farmer Group Assessment and Registration\Data\WardsPerDistrict.DAT
External (VILLAGESPERWARD_DICT): D:\DATA_MAIN\04 ME\VISTA-Tanzania\Database Management System\CSEntry\VST2 - Farmer Group Assessment and Registration\Data\VillagesPerWard.DAT

Date            Jan 11, 2016
Start Time      16:47:57
End Time        16:49:11

CSPRO Process Summary

CSPRO Executor Normal End
--------------------------------------------------------------------------------
Application     D:\DATA_MAIN\04 ME\VISTA-Tanzania\Database Management System\CSEntry\VST2 - Farmer Group Assessment and Registration\VST2 - Farmer Group Assessment and Registration.ent
Type            ENTRY
Input Data      D:\DATA_MAIN\04 ME\VISTA-Tanzania\Database Management System\CSEntry\VST2 - Farmer Group Assessment and Registration\Data\VST2 - Farmer Group Assessment and Registration.DAT
External (DISTRICTSPERREGION_DICT): D:\DATA_MAIN\04 ME\VISTA-Tanzania\Database Management System\CSEntry\VST2 - Farmer Group Assessment and Registration\Data\DistrictsPerRegion.DAT
External (WARDSPERDISTRICT_DICT): D:\DATA_MAIN\04 ME\VISTA-Tanzania\Database Management System\CSEntry\VST2 - Farmer Group Assessment and Registration\Data\WardsPerDistrict.DAT
External (VILLAGESPERWARD_DICT): D:\DATA_MAIN\04 ME\VISTA-Tanzania\Database Management System\CSEntry\VST2 - Farmer Group Assessment and Registration\Data\VillagesPerWard.DAT

Date            Jan 11, 2016
Start Time      17:05:33
End Time        17:06:08

CSPRO Process Summary

CSPRO Executor Normal End
--------------------------------------------------------------------------------
Application     D:\DATA_MAIN\04 ME\VISTA-Tanzania\Database Management System\CSEntry\VST2 - Farmer Group Assessment and Registration\VST2 - Farmer Group Assessment and Registration.ent
Type            ENTRY
Input Data      D:\DATA_MAIN\04 ME\VISTA-Tanzania\Database Management System\CSEntry\VST2 - Farmer Group Assessment and Registration\Data\VST2 - Farmer Group Assessment and Registration.DAT
External (DISTRICTSPERREGION_DICT): D:\DATA_MAIN\04 ME\VISTA-Tanzania\Database Management System\CSEntry\VST2 - Farmer Group Assessment and Registration\Data\DistrictsPerRegion.DAT
External (WARDSPERDISTRICT_DICT): D:\DATA_MAIN\04 ME\VISTA-Tanzania\Database Management System\CSEntry\VST2 - Farmer Group Assessment and Registration\Data\WardsPerDistrict.DAT
External (VILLAGESPERWARD_DICT): D:\DATA_MAIN\04 ME\VISTA-Tanzania\Database Management System\CSEntry\VST2 - Farmer Group Assessment and Registration\Data\VillagesPerWard.DAT

Date            Jan 11, 2016
Start Time      17:19:12
End Time        17:23:03

CSPRO Process Summary

System messages:

 Number    Frequency   Message text
 ------    ---------   ------------
  99990            1   Operator entered a value out of range            

User unnumbered messages:

   Line    Freq  Pct.  Message text                                        Denom
   ----    ----  ----  ------------                                        -----
    125       1    -   Name of Group should be filled                          -
    132       1    -   Name of Chairman should be filled                       -
    139       1    -   Please enter Mobile Number of the Chairman              -
    149       1    -   Name of Secretary should be filled                      -
    166       1    -   Date of establishment should be filled                  -
    258       4    -   There must be at least 1 Crop produced                  -
    357       1    -   There must be at least 1 Group Member                   -

CSPRO Executor Normal End
--------------------------------------------------------------------------------
Application     D:\DATA_MAIN\04 ME\VISTA-Tanzania\Database Management System\CSEntry\VST2 - Farmer Group Assessment and Registration\VST2 - Farmer Group Assessment and Registration.ent
Type            ENTRY
Input Data      D:\DATA_MAIN\04 ME\VISTA-Tanzania\Database Management System\CSEntry\VST2 - Farmer Group Assessment and Registration\Data\VST2 - Farmer Group Assessment and Registration.DAT
External (DISTRICTSPERREGION_DICT): D:\DATA_MAIN\04 ME\VISTA-Tanzania\Database Management System\CSEntry\VST2 - Farmer Group Assessment and Registration\Data\DistrictsPerRegion.DAT
External (WARDSPERDISTRICT_DICT): D:\DATA_MAIN\04 ME\VISTA-Tanzania\Database Management System\CSEntry\VST2 - Farmer Group Assessment and Registration\Data\WardsPerDistrict.DAT
External (VILLAGESPERWARD_DICT): D:\DATA_MAIN\04 ME\VISTA-Tanzania\Database Management System\CSEntry\VST2 - Farmer Group Assessment and Registration\Data\VillagesPerWard.DAT

Date            Jan 11, 2016
Start Time      17:23:22
End Time        17:23:26

CSPRO Process Summary

System messages:

 Number    Frequency   Message text
 ------    ---------   ------------
  99990            1   Operator entered a value out of range            

User unnumbered messages:

   Line    Freq  Pct.  Message text                                        Denom
   ----    ----  ----  ------------                                        -----
    125       1    -   Name of Group should be filled                          -
    132       1    -   Name of Chairman should be filled                       -
    139       1    -   Please enter Mobile Number of the Chairman              -
    149       1    -   Name of Secretary should be filled                      -
    166       1    -   Date of establishment should be filled                  -
    258       4    -   There must be at least 1 Crop produced                  -
    357       1    -   There must be at least 1 Group Member                   -

CSPRO Executor Normal End
--------------------------------------------------------------------------------
Application     D:\DATA_MAIN\04 ME\VISTA-Tanzania\Database Management System\CSEntry\VST2 - Farmer Group Assessment and Registration\VST2 - Farmer Group Assessment and Registration.ent
Type            ENTRY
Input Data      D:\DATA_MAIN\04 ME\VISTA-Tanzania\Database Management System\CSEntry\VST2 - Farmer Group Assessment and Registration\Data\VST2 - Farmer Group Assessment and Registration.DAT
External (DISTRICTSPERREGION_DICT): D:\DATA_MAIN\04 ME\VISTA-Tanzania\Database Management System\CSEntry\VST2 - Farmer Group Assessment and Registration\Data\DistrictsPerRegion.DAT
External (WARDSPERDISTRICT_DICT): D:\DATA_MAIN\04 ME\VISTA-Tanzania\Database Management System\CSEntry\VST2 - Farmer Group Assessment and Registration\Data\WardsPerDistrict.DAT
External (VILLAGESPERWARD_DICT): D:\DATA_MAIN\04 ME\VISTA-Tanzania\Database Management System\CSEntry\VST2 - Farmer Group Assessment and Registration\Data\VillagesPerWard.DAT

Date            Jan 11, 2016
Start Time      17:38:24
End Time        17:38:48

CSPRO Process Summary

CSPRO Executor Normal End
--------------------------------------------------------------------------------
Application     D:\DATA_MAIN\04 ME\VISTA-Tanzania\Database Management System\CSEntry\VST2 - Farmer Group Assessment and Registration\VST2 - Farmer Group Assessment and Registration.ent
Type            ENTRY
Input Data      D:\DATA_MAIN\04 ME\VISTA-Tanzania\Database Management System\CSEntry\VST2 - Farmer Group Assessment and Registration\Data\VST2 - Farmer Group Assessment and Registration.DAT
External (DISTRICTSPERREGION_DICT): D:\DATA_MAIN\04 ME\VISTA-Tanzania\Database Management System\CSEntry\VST2 - Farmer Group Assessment and Registration\Data\DistrictsPerRegion.DAT
External (WARDSPERDISTRICT_DICT): D:\DATA_MAIN\04 ME\VISTA-Tanzania\Database Management System\CSEntry\VST2 - Farmer Group Assessment and Registration\Data\WardsPerDistrict.DAT
External (VILLAGESPERWARD_DICT): D:\DATA_MAIN\04 ME\VISTA-Tanzania\Database Management System\CSEntry\VST2 - Farmer Group Assessment and Registration\Data\VillagesPerWard.DAT

Date            Jan 11, 2016
Start Time      17:40:03
End Time        17:40:46

CSPRO Process Summary

CSPRO Executor Normal End
--------------------------------------------------------------------------------
Application     D:\DATA_MAIN\04 ME\VISTA-Tanzania\Database Management System\CSEntry\VST3 - Monitoring of Agricultural Activities\VST3 - Monitoring of Agricultural Activities.ent
Type            ENTRY
Input Data      D:\DATA_MAIN\04 ME\VISTA-Tanzania\Database Management System\CSEntry\VST2 - Farmer Group Assessment and Registration\Data\VST2 - Farmer Group Assessment and Registration.DAT
External (DISTRICTSPERREGION_DICT): D:\DATA_MAIN\04 ME\VISTA-Tanzania\Database Management System\CSEntry\VST2 - Farmer Group Assessment and Registration\Data\DistrictsPerRegion.DAT
External (WARDSPERDISTRICT_DICT): D:\DATA_MAIN\04 ME\VISTA-Tanzania\Database Management System\CSEntry\VST2 - Farmer Group Assessment and Registration\Data\WardsPerDistrict.DAT
External (VILLAGESPERWARD_DICT): D:\DATA_MAIN\04 ME\VISTA-Tanzania\Database Management System\CSEntry\VST2 - Farmer Group Assessment and Registration\Data\VillagesPerWard.DAT

Date            Jan 11, 2016
Start Time      18:50:24
End Time        18:50:41

CSPRO Process Summary

CSPRO Executor Normal End
--------------------------------------------------------------------------------
Application     D:\DATA_MAIN\04 ME\VISTA-Tanzania\Database Management System\CSEntry\VST3 - Monitoring of Agricultural Activities\VST3 - Monitoring of Agricultural Activities.ent
Type            ENTRY
Input Data      D:\DATA_MAIN\04 ME\VISTA-Tanzania\Database Management System\CSEntry\VST2 - Farmer Group Assessment and Registration\Data\VST2 - Farmer Group Assessment and Registration.DAT
External (DISTRICTSPERREGION_DICT): D:\DATA_MAIN\04 ME\VISTA-Tanzania\Database Management System\CSEntry\VST2 - Farmer Group Assessment and Registration\Data\DistrictsPerRegion.DAT
External (WARDSPERDISTRICT_DICT): D:\DATA_MAIN\04 ME\VISTA-Tanzania\Database Management System\CSEntry\VST2 - Farmer Group Assessment and Registration\Data\WardsPerDistrict.DAT
External (VILLAGESPERWARD_DICT): D:\DATA_MAIN\04 ME\VISTA-Tanzania\Database Management System\CSEntry\VST2 - Farmer Group Assessment and Registration\Data\VillagesPerWard.DAT

Date            Jan 12, 2016
Start Time      18:28:18
End Time        18:28:30

CSPRO Process Summary

System messages:

 Number    Frequency   Message text
 ------    ---------   ------------
  48000            1   Invalid expression (%s) in QSF File              

CSPRO Executor Normal End
--------------------------------------------------------------------------------
Application     D:\DATA_MAIN\04 ME\VISTA-Tanzania\Database Management System\CSEntry\VST3 - Monitoring of Agricultural Activities\VST3 - Monitoring of Agricultural Activities.ent
Type            ENTRY
Input Data      D:\DATA_MAIN\04 ME\VISTA-Tanzania\Database Management System\CSEntry\VST2 - Farmer Group Assessment and Registration\Data\VST2 - Farmer Group Assessment and Registration.DAT
External (DISTRICTSPERREGION_DICT): D:\DATA_MAIN\04 ME\VISTA-Tanzania\Database Management System\CSEntry\VST2 - Farmer Group Assessment and Registration\Data\DistrictsPerRegion.DAT
External (WARDSPERDISTRICT_DICT): D:\DATA_MAIN\04 ME\VISTA-Tanzania\Database Management System\CSEntry\VST2 - Farmer Group Assessment and Registration\Data\WardsPerDistrict.DAT
External (VILLAGESPERWARD_DICT): D:\DATA_MAIN\04 ME\VISTA-Tanzania\Database Management System\CSEntry\VST2 - Farmer Group Assessment and Registration\Data\VillagesPerWard.DAT

Date            Jan 12, 2016
Start Time      18:28:44
End Time        18:29:42

CSPRO Process Summary

System messages:

 Number    Frequency   Message text
 ------    ---------   ------------
  48000            1   Invalid expression (%s) in QSF File              
  99990            1   Operator entered a value out of range            

CSPRO Executor Normal End
--------------------------------------------------------------------------------
Application     D:\DATA_MAIN\04 ME\VISTA-Tanzania\Database Management System\CSEntry\VST3 - Monitoring of Agricultural Activities\VST3 - Monitoring of Agricultural Activities.ent
Type            ENTRY
Input Data      D:\DATA_MAIN\04 ME\VISTA-Tanzania\Database Management System\CSEntry\VST2 - Farmer Group Assessment and Registration\Data\VST2 - Farmer Group Assessment and Registration.DAT
External (DISTRICTSPERREGION_DICT): D:\DATA_MAIN\04 ME\VISTA-Tanzania\Database Management System\CSEntry\VST2 - Farmer Group Assessment and Registration\Data\DistrictsPerRegion.DAT
External (WARDSPERDISTRICT_DICT): D:\DATA_MAIN\04 ME\VISTA-Tanzania\Database Management System\CSEntry\VST2 - Farmer Group Assessment and Registration\Data\WardsPerDistrict.DAT
External (VILLAGESPERWARD_DICT): D:\DATA_MAIN\04 ME\VISTA-Tanzania\Database Management System\CSEntry\VST2 - Farmer Group Assessment and Registration\Data\VillagesPerWard.DAT

Date            Jan 13, 2016
Start Time      17:31:19
End Time        17:32:25

CSPRO Process Summary

System messages:

 Number    Frequency   Message text
 ------    ---------   ------------
  99990            1   Operator entered a value out of range            

CSPRO Executor Normal End
--------------------------------------------------------------------------------
Application     D:\DATA_MAIN\04 ME\VISTA-Tanzania\Database Management System\CSEntry\VST3 - Monitoring of Agricultural Activities\VST3 - Monitoring of Agricultural Activities.ent
Type            ENTRY
Input Data      D:\DATA_MAIN\04 ME\VISTA-Tanzania\Database Management System\CSEntry\VST2 - Farmer Group Assessment and Registration\Data\VST2 - Farmer Group Assessment and Registration.DAT
External (DISTRICTSPERREGION_DICT): D:\DATA_MAIN\04 ME\VISTA-Tanzania\Database Management System\CSEntry\VST2 - Farmer Group Assessment and Registration\Data\DistrictsPerRegion.DAT
External (WARDSPERDISTRICT_DICT): D:\DATA_MAIN\04 ME\VISTA-Tanzania\Database Management System\CSEntry\VST2 - Farmer Group Assessment and Registration\Data\WardsPerDistrict.DAT
External (VILLAGESPERWARD_DICT): D:\DATA_MAIN\04 ME\VISTA-Tanzania\Database Management System\CSEntry\VST2 - Farmer Group Assessment and Registration\Data\VillagesPerWard.DAT

Date            Jan 13, 2016
Start Time      17:32:51
End Time        17:33:24

CSPRO Process Summary

CSPRO Executor Normal End
--------------------------------------------------------------------------------
Application     D:\DATA_MAIN\04 ME\VISTA-Tanzania\Database Management System\CSEntry\VST3 - Monitoring of Agricultural Activities\VST3 - Monitoring of Agricultural Activities.ent
Type            ENTRY
Input Data      D:\DATA_MAIN\04 ME\VISTA-Tanzania\Database Management System\CSEntry\VST2 - Farmer Group Assessment and Registration\Data\VST2 - Farmer Group Assessment and Registration.DAT
External (DISTRICTSPERREGION_DICT): D:\DATA_MAIN\04 ME\VISTA-Tanzania\Database Management System\CSEntry\VST2 - Farmer Group Assessment and Registration\Data\DistrictsPerRegion.DAT
External (WARDSPERDISTRICT_DICT): D:\DATA_MAIN\04 ME\VISTA-Tanzania\Database Management System\CSEntry\VST2 - Farmer Group Assessment and Registration\Data\WardsPerDistrict.DAT
External (VILLAGESPERWARD_DICT): D:\DATA_MAIN\04 ME\VISTA-Tanzania\Database Management System\CSEntry\VST2 - Farmer Group Assessment and Registration\Data\VillagesPerWard.DAT

Date            Jan 13, 2016
Start Time      17:36:37
End Time        17:37:10

CSPRO Process Summary

CSPRO Executor Normal End
--------------------------------------------------------------------------------
