Application     C:\Users\LWanjohi\AppData\Local\Temp\CSExpRun25652.bch
Type            BATCH
Input Data      D:\DATA_MAIN\04 ME\VISTA-Tanzania\Database Management System\CSEntry\VST2 - Farmer Group Assessment and Registration\Data\VST2 - Farmer Group Assessment and Registration.DAT
<File Name  >   CSPRO_EXPORT_FILE_VAR_F=

Date            Jan 11, 2016
Start Time      17:34:30
End Time        17:34:30

CSPRO Process Summary
          +-----------------------------------------------------+
          |     133 Records Read ( 100% of input file)          |
          |       0 Ignored (       0 unknown,        0 erased) |
          |       0 Messages (       0 U,       0 W,       0 E) |
          +---------+--------------+--------------+-------------+
          |  Level  |  Input Case  |  Bad Struct  |  Level Post |
          +---------+--------------+--------------+-------------+
          |     1   |          7   |          0   |          7  |
          +---------+--------------+--------------+-------------+                                                     
                                                                                
                                                                                
                                                                                

Process Messages

CSPRO Executor Normal End
--------------------------------------------------------------------------------
