Application     \\cip-bungoma-pc\Data\VISTA\Database Management System\Entry Dictionaries and Forms\VST3 - Monitoring of Agricultural Activities.ent
Type            ENTRY
Input Data      \\cip-bungoma-pc\Data\VISTA\Database Management System\Entry Data\VST3 - Monitoring of Agricultural Activities.DAT

Date            Oct 08, 2015
Start Time      13:00:55
End Time        13:00:55

CSPRO Process Summary
Application     \\cip-bungoma-pc\Data\VISTA\Database Management System\Entry Dictionaries and Forms\VST3 - Monitoring of Agricultural Activities.ent
Type            ENTRY
Input Data      \\cip-bungoma-pc\Data\VISTA\Database Management System\Entry Data\VST3 - Monitoring of Agricultural Activities.DAT

Date            Oct 08, 2015
Start Time      13:58:32
End Time        14:35:06

CSPRO Process Summary

System messages:

 Number    Frequency   Message text
 ------    ---------   ------------
  99990            2   Operator entered a value out of range            

CSPRO Executor Normal End
--------------------------------------------------------------------------------
Application     \\cip-bungoma-pc\Data\VISTA\Database Management System\Entry Dictionaries and Forms\VST3 - Monitoring of Agricultural Activities.ent
Type            ENTRY
Input Data      \\cip-bungoma-pc\Data\VISTA\Database Management System\Entry Data\VST3 - Monitoring of Agricultural Activities.DAT

Date            Oct 08, 2015
Start Time      14:35:28
End Time        15:08:47

CSPRO Process Summary

System messages:

 Number    Frequency   Message text
 ------    ---------   ------------
  99990            1   Operator entered a value out of range            

CSPRO Executor Normal End
--------------------------------------------------------------------------------
Application     \\cip-bungoma-pc\Data\VISTA\Database Management System\Entry Dictionaries and Forms\VST3 - Monitoring of Agricultural Activities.ent
Type            ENTRY
Input Data      \\cip-bungoma-pc\Data\VISTA\Database Management System\Entry Data\VST3 - Monitoring of Agricultural Activities.DAT

Date            Oct 08, 2015
Start Time      15:08:47
End Time        15:09:19

CSPRO Process Summary

System messages:

 Number    Frequency   Message text
 ------    ---------   ------------
  99990            1   Operator entered a value out of range            

CSPRO Executor Normal End
--------------------------------------------------------------------------------
Application     \\cip-bungoma-pc\Data\VISTA\Database Management System\Entry Dictionaries and Forms\VST3 - Monitoring of Agricultural Activities.ent
Type            ENTRY
Input Data      \\cip-bungoma-pc\Data\VISTA\Database Management System\Entry Data\VST3 - Monitoring of Agricultural Activities.DAT

Date            Oct 08, 2015
Start Time      15:09:19
End Time        15:09:50

CSPRO Process Summary

System messages:

 Number    Frequency   Message text
 ------    ---------   ------------
  99990            1   Operator entered a value out of range            

CSPRO Executor Normal End
--------------------------------------------------------------------------------
Application     \\cip-bungoma-pc\Data\VISTA\Database Management System\Entry Dictionaries and Forms\VST3 - Monitoring of Agricultural Activities.ent
Type            ENTRY
Input Data      \\cip-bungoma-pc\Data\VISTA\Database Management System\Entry Data\VST3 - Monitoring of Agricultural Activities.DAT

Date            Oct 08, 2015
Start Time      15:09:50
End Time        15:09:56

CSPRO Process Summary

System messages:

 Number    Frequency   Message text
 ------    ---------   ------------
  99990            1   Operator entered a value out of range            

CSPRO Executor Normal End
--------------------------------------------------------------------------------
Application     \\cip-bungoma-pc\Data\VISTA\Database Management System\Entry Dictionaries and Forms\VST3 - Monitoring of Agricultural Activities.ent
Type            ENTRY
Input Data      \\cip-bungoma-pc\Data\VISTA\Database Management System\Entry Data\VST3 - Monitoring of Agricultural Activities.DAT

Date            Oct 08, 2015
Start Time      15:09:56
End Time        15:10:00

CSPRO Process Summary

System messages:

 Number    Frequency   Message text
 ------    ---------   ------------
  99990            1   Operator entered a value out of range            

CSPRO Executor Normal End
--------------------------------------------------------------------------------
Application     \\cip-bungoma-pc\Data\VISTA\Database Management System\Entry Dictionaries and Forms\VST3 - Monitoring of Agricultural Activities.ent
Type            ENTRY
Input Data      \\cip-bungoma-pc\Data\VISTA\Database Management System\Entry Data\VST3 - Monitoring of Agricultural Activities.DAT

Date            Oct 08, 2015
Start Time      15:10:00
End Time        15:12:08

CSPRO Process Summary

System messages:

 Number    Frequency   Message text
 ------    ---------   ------------
  99990            1   Operator entered a value out of range            

CSPRO Executor Normal End
--------------------------------------------------------------------------------
Application     \\cip-bungoma-pc\Data\VISTA\Database Management System\Entry Dictionaries and Forms\VST3 - Monitoring of Agricultural Activities.ent
Type            ENTRY
Input Data      \\cip-bungoma-pc\Data\VISTA\Database Management System\Entry Data\VST3 - Monitoring of Agricultural Activities.DAT

Date            Oct 08, 2015
Start Time      15:12:38
End Time        16:21:11

CSPRO Process Summary

System messages:

 Number    Frequency   Message text
 ------    ---------   ------------
  99990            6   Operator entered a value out of range            

User unnumbered messages:

   Line    Freq  Pct.  Message text                                        Denom
   ----    ----  ----  ------------                                        -----
     53       1    -   Village Name should be filled                           -

CSPRO Executor Normal End
--------------------------------------------------------------------------------
